2026-04-04 23:13:23.286 INFO  41912 --- [           main] .s.SmartLearningAcademyServerApplication : Starting SmartLearningAcademyServerApplication using Java 17.0.4.1 with PID 41912 (C:\Users\33046\Desktop\Smart Learning Academy\backend\smart-learning-academy\smart-learning-academy-server\target\classes started by 33046 in C:\Users\33046\Desktop\Smart Learning Academy\backend\smart-learning-academy)
2026-04-04 23:13:23.287 DEBUG 41912 --- [           main] .s.SmartLearningAcademyServerApplication : Running with Spring Boot v3.5.12, Spring v6.2.17
2026-04-04 23:13:23.287 INFO  41912 --- [           main] .s.SmartLearningAcademyServerApplication : The following 1 profile is active: "dev"
2026-04-04 23:13:23.988 INFO  41912 --- [           main] .s.d.r.c.RepositoryConfigurationDelegate : Multiple Spring Data modules found, entering strict repository configuration mode
2026-04-04 23:13:23.992 INFO  41912 --- [           main] .s.d.r.c.RepositoryConfigurationDelegate : Bootstrapping Spring Data Redis repositories in DEFAULT mode.
2026-04-04 23:13:24.071 INFO  41912 --- [           main] .s.d.r.c.RepositoryConfigurationDelegate : Finished Spring Data repository scanning in 43 ms. Found 0 Redis repository interfaces.
2026-04-04 23:13:24.775 INFO  41912 --- [           main] o.s.b.w.embedded.tomcat.TomcatWebServer  : Tomcat initialized with port 8080 (http)
2026-04-04 23:13:24.801 INFO  41912 --- [           main] o.a.coyote.http11.Http11NioProtocol      : Initializing ProtocolHandler ["http-nio-8080"]
2026-04-04 23:13:24.803 INFO  41912 --- [           main] o.apache.catalina.core.StandardService   : Starting service [Tomcat]
2026-04-04 23:13:24.804 INFO  41912 --- [           main] o.apache.catalina.core.StandardEngine    : Starting Servlet engine: [Apache Tomcat/10.1.52]
2026-04-04 23:13:24.899 INFO  41912 --- [           main] o.a.c.c.C.[Tomcat].[localhost].[/]       : Initializing Spring embedded WebApplicationContext
2026-04-04 23:13:24.900 INFO  41912 --- [           main] w.s.c.ServletWebServerApplicationContext : Root WebApplicationContext: initialization completed in 1576 ms
2026-04-04 23:13:26.636 INFO  41912 --- [           main] o.a.coyote.http11.Http11NioProtocol      : Starting ProtocolHandler ["http-nio-8080"]
2026-04-04 23:13:26.654 INFO  41912 --- [           main] o.s.b.w.embedded.tomcat.TomcatWebServer  : Tomcat started on port 8080 (http) with context path '/'
2026-04-04 23:13:26.661 INFO  41912 --- [           main] .s.SmartLearningAcademyServerApplication : Started SmartLearningAcademyServerApplication in 3.861 seconds (process running for 4.286)
2026-04-04 23:15:05.571 INFO  41912 --- [ionShutdownHook] o.s.b.w.e.tomcat.GracefulShutdown        : Commencing graceful shutdown. Waiting for active requests to complete
2026-04-04 23:15:05.874 INFO  41912 --- [tomcat-shutdown] o.s.b.w.e.tomcat.GracefulShutdown        : Graceful shutdown complete
2026-04-04 23:15:22.359 INFO  8676 --- [           main] .s.SmartLearningAcademyServerApplication : Starting SmartLearningAcademyServerApplication using Java 17.0.4.1 with PID 8676 (C:\Users\33046\Desktop\Smart Learning Academy\backend\smart-learning-academy\smart-learning-academy-server\target\classes started by 33046 in C:\Users\33046\Desktop\Smart Learning Academy\backend\smart-learning-academy)
2026-04-04 23:15:22.361 DEBUG 8676 --- [           main] .s.SmartLearningAcademyServerApplication : Running with Spring Boot v3.5.12, Spring v6.2.17
2026-04-04 23:15:22.361 INFO  8676 --- [           main] .s.SmartLearningAcademyServerApplication : The following 1 profile is active: "dev"
2026-04-04 23:15:23.055 INFO  8676 --- [           main] .s.d.r.c.RepositoryConfigurationDelegate : Multiple Spring Data modules found, entering strict repository configuration mode
2026-04-04 23:15:23.060 INFO  8676 --- [           main] .s.d.r.c.RepositoryConfigurationDelegate : Bootstrapping Spring Data Redis repositories in DEFAULT mode.
2026-04-04 23:15:23.120 INFO  8676 --- [           main] .s.d.r.c.RepositoryConfigurationDelegate : Finished Spring Data repository scanning in 31 ms. Found 0 Redis repository interfaces.
2026-04-04 23:15:23.894 INFO  8676 --- [           main] o.s.b.w.embedded.tomcat.TomcatWebServer  : Tomcat initialized with port 8080 (http)
2026-04-04 23:15:23.924 INFO  8676 --- [           main] o.a.coyote.http11.Http11NioProtocol      : Initializing ProtocolHandler ["http-nio-8080"]
2026-04-04 23:15:23.932 INFO  8676 --- [           main] o.apache.catalina.core.StandardService   : Starting service [Tomcat]
2026-04-04 23:15:23.932 INFO  8676 --- [           main] o.apache.catalina.core.StandardEngine    : Starting Servlet engine: [Apache Tomcat/10.1.52]
2026-04-04 23:15:24.031 INFO  8676 --- [           main] o.a.c.c.C.[Tomcat].[localhost].[/]       : Initializing Spring embedded WebApplicationContext
2026-04-04 23:15:24.031 INFO  8676 --- [           main] w.s.c.ServletWebServerApplicationContext : Root WebApplicationContext: initialization completed in 1629 ms
2026-04-04 23:15:25.393 INFO  8676 --- [           main] o.a.coyote.http11.Http11NioProtocol      : Starting ProtocolHandler ["http-nio-8080"]
2026-04-04 23:15:25.416 INFO  8676 --- [           main] o.s.b.w.embedded.tomcat.TomcatWebServer  : Tomcat started on port 8080 (http) with context path '/'
2026-04-04 23:15:25.433 INFO  8676 --- [           main] .s.SmartLearningAcademyServerApplication : Started SmartLearningAcademyServerApplication in 3.596 seconds (process running for 4.034)
2026-04-04 23:15:56.892 INFO  8676 --- [ionShutdownHook] o.s.b.w.e.tomcat.GracefulShutdown        : Commencing graceful shutdown. Waiting for active requests to complete
2026-04-04 23:15:57.251 INFO  8676 --- [tomcat-shutdown] o.s.b.w.e.tomcat.GracefulShutdown        : Graceful shutdown complete
2026-04-04 23:15:59.504 INFO  32836 --- [           main] .s.SmartLearningAcademyServerApplication : Starting SmartLearningAcademyServerApplication using Java 17.0.4.1 with PID 32836 (C:\Users\33046\Desktop\Smart Learning Academy\backend\smart-learning-academy\smart-learning-academy-server\target\classes started by 33046 in C:\Users\33046\Desktop\Smart Learning Academy\backend\smart-learning-academy)
2026-04-04 23:15:59.505 DEBUG 32836 --- [           main] .s.SmartLearningAcademyServerApplication : Running with Spring Boot v3.5.12, Spring v6.2.17
2026-04-04 23:15:59.505 INFO  32836 --- [           main] .s.SmartLearningAcademyServerApplication : The following 1 profile is active: "dev"
2026-04-04 23:16:00.210 INFO  32836 --- [           main] .s.d.r.c.RepositoryConfigurationDelegate : Multiple Spring Data modules found, entering strict repository configuration mode
2026-04-04 23:16:00.213 INFO  32836 --- [           main] .s.d.r.c.RepositoryConfigurationDelegate : Bootstrapping Spring Data Redis repositories in DEFAULT mode.
2026-04-04 23:16:00.270 INFO  32836 --- [           main] .s.d.r.c.RepositoryConfigurationDelegate : Finished Spring Data repository scanning in 25 ms. Found 0 Redis repository interfaces.
2026-04-04 23:16:00.998 INFO  32836 --- [           main] o.s.b.w.embedded.tomcat.TomcatWebServer  : Tomcat initialized with port 8080 (http)
2026-04-04 23:16:01.017 INFO  32836 --- [           main] o.a.coyote.http11.Http11NioProtocol      : Initializing ProtocolHandler ["http-nio-8080"]
2026-04-04 23:16:01.018 INFO  32836 --- [           main] o.apache.catalina.core.StandardService   : Starting service [Tomcat]
2026-04-04 23:16:01.020 INFO  32836 --- [           main] o.apache.catalina.core.StandardEngine    : Starting Servlet engine: [Apache Tomcat/10.1.52]
2026-04-04 23:16:01.085 INFO  32836 --- [           main] o.a.c.c.C.[Tomcat].[localhost].[/]       : Initializing Spring embedded WebApplicationContext
2026-04-04 23:16:01.085 INFO  32836 --- [           main] w.s.c.ServletWebServerApplicationContext : Root WebApplicationContext: initialization completed in 1542 ms
2026-04-04 23:16:02.680 INFO  32836 --- [           main] o.a.coyote.http11.Http11NioProtocol      : Starting ProtocolHandler ["http-nio-8080"]
2026-04-04 23:16:02.697 INFO  32836 --- [           main] o.s.b.w.embedded.tomcat.TomcatWebServer  : Tomcat started on port 8080 (http) with context path '/'
2026-04-04 23:16:02.706 INFO  32836 --- [           main] .s.SmartLearningAcademyServerApplication : Started SmartLearningAcademyServerApplication in 3.737 seconds (process running for 4.229)
2026-04-04 23:17:15.861 INFO  32836 --- [ionShutdownHook] o.s.b.w.e.tomcat.GracefulShutdown        : Commencing graceful shutdown. Waiting for active requests to complete
2026-04-04 23:17:16.146 INFO  32836 --- [tomcat-shutdown] o.s.b.w.e.tomcat.GracefulShutdown        : Graceful shutdown complete
2026-04-04 23:17:18.244 INFO  23732 --- [           main] .s.SmartLearningAcademyServerApplication : Starting SmartLearningAcademyServerApplication using Java 17.0.4.1 with PID 23732 (C:\Users\33046\Desktop\Smart Learning Academy\backend\smart-learning-academy\smart-learning-academy-server\target\classes started by 33046 in C:\Users\33046\Desktop\Smart Learning Academy\backend\smart-learning-academy)
2026-04-04 23:17:18.246 DEBUG 23732 --- [           main] .s.SmartLearningAcademyServerApplication : Running with Spring Boot v3.5.12, Spring v6.2.17
2026-04-04 23:17:18.247 INFO  23732 --- [           main] .s.SmartLearningAcademyServerApplication : The following 1 profile is active: "dev"
2026-04-04 23:17:18.961 INFO  23732 --- [           main] .s.d.r.c.RepositoryConfigurationDelegate : Multiple Spring Data modules found, entering strict repository configuration mode
2026-04-04 23:17:18.965 INFO  23732 --- [           main] .s.d.r.c.RepositoryConfigurationDelegate : Bootstrapping Spring Data Redis repositories in DEFAULT mode.
2026-04-04 23:17:19.011 INFO  23732 --- [           main] .s.d.r.c.RepositoryConfigurationDelegate : Finished Spring Data repository scanning in 26 ms. Found 0 Redis repository interfaces.
2026-04-04 23:17:19.674 INFO  23732 --- [           main] o.s.b.w.embedded.tomcat.TomcatWebServer  : Tomcat initialized with port 8080 (http)
2026-04-04 23:17:19.701 INFO  23732 --- [           main] o.a.coyote.http11.Http11NioProtocol      : Initializing ProtocolHandler ["http-nio-8080"]
2026-04-04 23:17:19.703 INFO  23732 --- [           main] o.apache.catalina.core.StandardService   : Starting service [Tomcat]
2026-04-04 23:17:19.704 INFO  23732 --- [           main] o.apache.catalina.core.StandardEngine    : Starting Servlet engine: [Apache Tomcat/10.1.52]
2026-04-04 23:17:19.773 INFO  23732 --- [           main] o.a.c.c.C.[Tomcat].[localhost].[/]       : Initializing Spring embedded WebApplicationContext
2026-04-04 23:17:19.773 INFO  23732 --- [           main] w.s.c.ServletWebServerApplicationContext : Root WebApplicationContext: initialization completed in 1492 ms
2026-04-04 23:17:21.216 INFO  23732 --- [           main] o.a.coyote.http11.Http11NioProtocol      : Starting ProtocolHandler ["http-nio-8080"]
2026-04-04 23:17:21.233 INFO  23732 --- [           main] o.s.b.w.embedded.tomcat.TomcatWebServer  : Tomcat started on port 8080 (http) with context path '/'
2026-04-04 23:17:21.241 INFO  23732 --- [           main] .s.SmartLearningAcademyServerApplication : Started SmartLearningAcademyServerApplication in 3.492 seconds (process running for 3.902)
2026-04-04 23:17:31.587 INFO  23732 --- [ionShutdownHook] o.s.b.w.e.tomcat.GracefulShutdown        : Commencing graceful shutdown. Waiting for active requests to complete
2026-04-04 23:17:31.941 INFO  23732 --- [tomcat-shutdown] o.s.b.w.e.tomcat.GracefulShutdown        : Graceful shutdown complete
2026-04-04 23:37:42.908 INFO  6772 --- [           main] .s.SmartLearningAcademyServerApplication : Starting SmartLearningAcademyServerApplication using Java 17.0.4.1 with PID 6772 (C:\Users\33046\Desktop\Smart Learning Academy\backend\smart-learning-academy\smart-learning-academy-server\target\classes started by 33046 in C:\Users\33046\Desktop\Smart Learning Academy\backend\smart-learning-academy)
2026-04-04 23:37:42.910 DEBUG 6772 --- [           main] .s.SmartLearningAcademyServerApplication : Running with Spring Boot v3.5.12, Spring v6.2.17
2026-04-04 23:37:42.910 INFO  6772 --- [           main] .s.SmartLearningAcademyServerApplication : The following 1 profile is active: "dev"
2026-04-04 23:37:43.619 INFO  6772 --- [           main] .s.d.r.c.RepositoryConfigurationDelegate : Multiple Spring Data modules found, entering strict repository configuration mode
2026-04-04 23:37:43.623 INFO  6772 --- [           main] .s.d.r.c.RepositoryConfigurationDelegate : Bootstrapping Spring Data Redis repositories in DEFAULT mode.
2026-04-04 23:37:43.671 INFO  6772 --- [           main] .s.d.r.c.RepositoryConfigurationDelegate : Finished Spring Data repository scanning in 24 ms. Found 0 Redis repository interfaces.
2026-04-04 23:37:44.374 INFO  6772 --- [           main] o.s.b.w.embedded.tomcat.TomcatWebServer  : Tomcat initialized with port 8080 (http)
2026-04-04 23:37:44.389 INFO  6772 --- [           main] o.a.coyote.http11.Http11NioProtocol      : Initializing ProtocolHandler ["http-nio-8080"]
2026-04-04 23:37:44.393 INFO  6772 --- [           main] o.apache.catalina.core.StandardService   : Starting service [Tomcat]
2026-04-04 23:37:44.393 INFO  6772 --- [           main] o.apache.catalina.core.StandardEngine    : Starting Servlet engine: [Apache Tomcat/10.1.52]
2026-04-04 23:37:44.468 INFO  6772 --- [           main] o.a.c.c.C.[Tomcat].[localhost].[/]       : Initializing Spring embedded WebApplicationContext
2026-04-04 23:37:44.468 INFO  6772 --- [           main] w.s.c.ServletWebServerApplicationContext : Root WebApplicationContext: initialization completed in 1522 ms
2026-04-04 23:37:44.591 WARN  6772 --- [           main] ConfigServletWebServerApplicationContext : Exception encountered during context initialization - cancelling refresh attempt: org.springframework.beans.factory.UnsatisfiedDependencyException: Error creating bean with name 'webMVCConfig': Unsatisfied dependency expressed through field 'loginAdminInterceptor': Error creating bean with name 'loginAdminInterceptor': Unsatisfied dependency expressed through field 'jwtProperties': No qualifying bean of type 'com.shxy.smartlearningacademycommon.properties.JwtProperties' available: expected at least 1 bean which qualifies as autowire candidate. Dependency annotations: {@org.springframework.beans.factory.annotation.Autowired(required=true)}
2026-04-04 23:37:44.594 INFO  6772 --- [           main] o.apache.catalina.core.StandardService   : Stopping service [Tomcat]
2026-04-04 23:37:44.637 INFO  6772 --- [           main] .s.b.a.l.ConditionEvaluationReportLogger : 

Error starting ApplicationContext. To display the condition evaluation report re-run your application with 'debug' enabled.
2026-04-04 23:37:44.662 ERROR 6772 --- [           main] o.s.b.d.LoggingFailureAnalysisReporter   : 

***************************
APPLICATION FAILED TO START
***************************

Description:

Field jwtProperties in com.shxy.smartlearningacademyserver.interceptor.LoginAdminInterceptor required a bean of type 'com.shxy.smartlearningacademycommon.properties.JwtProperties' that could not be found.

The injection point has the following annotations:
	- @org.springframework.beans.factory.annotation.Autowired(required=true)


Action:

Consider defining a bean of type 'com.shxy.smartlearningacademycommon.properties.JwtProperties' in your configuration.

2026-04-04 23:38:22.894 INFO  32484 --- [           main] .s.SmartLearningAcademyServerApplication : Starting SmartLearningAcademyServerApplication using Java 17.0.4.1 with PID 32484 (C:\Users\33046\Desktop\Smart Learning Academy\backend\smart-learning-academy\smart-learning-academy-server\target\classes started by 33046 in C:\Users\33046\Desktop\Smart Learning Academy\backend\smart-learning-academy)
2026-04-04 23:38:22.896 DEBUG 32484 --- [           main] .s.SmartLearningAcademyServerApplication : Running with Spring Boot v3.5.12, Spring v6.2.17
2026-04-04 23:38:22.896 INFO  32484 --- [           main] .s.SmartLearningAcademyServerApplication : The following 1 profile is active: "dev"
2026-04-04 23:38:23.589 INFO  32484 --- [           main] .s.d.r.c.RepositoryConfigurationDelegate : Multiple Spring Data modules found, entering strict repository configuration mode
2026-04-04 23:38:23.592 INFO  32484 --- [           main] .s.d.r.c.RepositoryConfigurationDelegate : Bootstrapping Spring Data Redis repositories in DEFAULT mode.
2026-04-04 23:38:23.660 INFO  32484 --- [           main] .s.d.r.c.RepositoryConfigurationDelegate : Finished Spring Data repository scanning in 35 ms. Found 0 Redis repository interfaces.
2026-04-04 23:38:24.543 INFO  32484 --- [           main] o.s.b.w.embedded.tomcat.TomcatWebServer  : Tomcat initialized with port 8080 (http)
2026-04-04 23:38:24.569 INFO  32484 --- [           main] o.a.coyote.http11.Http11NioProtocol      : Initializing ProtocolHandler ["http-nio-8080"]
2026-04-04 23:38:24.572 INFO  32484 --- [           main] o.apache.catalina.core.StandardService   : Starting service [Tomcat]
2026-04-04 23:38:24.572 INFO  32484 --- [           main] o.apache.catalina.core.StandardEngine    : Starting Servlet engine: [Apache Tomcat/10.1.52]
2026-04-04 23:38:24.671 INFO  32484 --- [           main] o.a.c.c.C.[Tomcat].[localhost].[/]       : Initializing Spring embedded WebApplicationContext
2026-04-04 23:38:24.673 INFO  32484 --- [           main] w.s.c.ServletWebServerApplicationContext : Root WebApplicationContext: initialization completed in 1737 ms
2026-04-04 23:38:24.770 WARN  32484 --- [           main] ConfigServletWebServerApplicationContext : Exception encountered during context initialization - cancelling refresh attempt: org.springframework.beans.factory.UnsatisfiedDependencyException: Error creating bean with name 'webMVCConfig': Unsatisfied dependency expressed through field 'loginAdminInterceptor': Error creating bean with name 'loginAdminInterceptor': Unsatisfied dependency expressed through field 'jwtProperties': No qualifying bean of type 'com.shxy.smartlearningacademycommon.properties.JwtProperties' available: expected at least 1 bean which qualifies as autowire candidate. Dependency annotations: {@org.springframework.beans.factory.annotation.Autowired(required=true)}
2026-04-04 23:38:24.772 INFO  32484 --- [           main] o.apache.catalina.core.StandardService   : Stopping service [Tomcat]
2026-04-04 23:38:24.797 INFO  32484 --- [           main] .s.b.a.l.ConditionEvaluationReportLogger : 

Error starting ApplicationContext. To display the condition evaluation report re-run your application with 'debug' enabled.
2026-04-04 23:38:24.811 ERROR 32484 --- [           main] o.s.b.d.LoggingFailureAnalysisReporter   : 

***************************
APPLICATION FAILED TO START
***************************

Description:

Field jwtProperties in com.shxy.smartlearningacademyserver.interceptor.LoginAdminInterceptor required a bean of type 'com.shxy.smartlearningacademycommon.properties.JwtProperties' that could not be found.

The injection point has the following annotations:
	- @org.springframework.beans.factory.annotation.Autowired(required=true)


Action:

Consider defining a bean of type 'com.shxy.smartlearningacademycommon.properties.JwtProperties' in your configuration.

2026-04-04 23:39:04.193 INFO  41804 --- [           main] .s.SmartLearningAcademyServerApplication : Starting SmartLearningAcademyServerApplication using Java 17.0.4.1 with PID 41804 (C:\Users\33046\Desktop\Smart Learning Academy\backend\smart-learning-academy\smart-learning-academy-server\target\classes started by 33046 in C:\Users\33046\Desktop\Smart Learning Academy\backend\smart-learning-academy)
2026-04-04 23:39:04.193 DEBUG 41804 --- [           main] .s.SmartLearningAcademyServerApplication : Running with Spring Boot v3.5.12, Spring v6.2.17
2026-04-04 23:39:04.195 INFO  41804 --- [           main] .s.SmartLearningAcademyServerApplication : The following 1 profile is active: "dev"
2026-04-04 23:39:04.933 INFO  41804 --- [           main] .s.d.r.c.RepositoryConfigurationDelegate : Multiple Spring Data modules found, entering strict repository configuration mode
2026-04-04 23:39:04.936 INFO  41804 --- [           main] .s.d.r.c.RepositoryConfigurationDelegate : Bootstrapping Spring Data Redis repositories in DEFAULT mode.
2026-04-04 23:39:04.997 INFO  41804 --- [           main] .s.d.r.c.RepositoryConfigurationDelegate : Finished Spring Data repository scanning in 34 ms. Found 0 Redis repository interfaces.
2026-04-04 23:39:05.697 INFO  41804 --- [           main] o.s.b.w.embedded.tomcat.TomcatWebServer  : Tomcat initialized with port 8080 (http)
2026-04-04 23:39:05.728 INFO  41804 --- [           main] o.a.coyote.http11.Http11NioProtocol      : Initializing ProtocolHandler ["http-nio-8080"]
2026-04-04 23:39:05.732 INFO  41804 --- [           main] o.apache.catalina.core.StandardService   : Starting service [Tomcat]
2026-04-04 23:39:05.736 INFO  41804 --- [           main] o.apache.catalina.core.StandardEngine    : Starting Servlet engine: [Apache Tomcat/10.1.52]
2026-04-04 23:39:05.819 INFO  41804 --- [           main] o.a.c.c.C.[Tomcat].[localhost].[/]       : Initializing Spring embedded WebApplicationContext
2026-04-04 23:39:05.821 INFO  41804 --- [           main] w.s.c.ServletWebServerApplicationContext : Root WebApplicationContext: initialization completed in 1589 ms
2026-04-04 23:39:05.921 WARN  41804 --- [           main] ConfigServletWebServerApplicationContext : Exception encountered during context initialization - cancelling refresh attempt: org.springframework.beans.factory.UnsatisfiedDependencyException: Error creating bean with name 'webMVCConfig': Unsatisfied dependency expressed through field 'loginAdminInterceptor': Error creating bean with name 'loginAdminInterceptor': Unsatisfied dependency expressed through field 'jwtProperties': No qualifying bean of type 'com.shxy.smartlearningacademycommon.properties.JwtProperties' available: expected at least 1 bean which qualifies as autowire candidate. Dependency annotations: {@org.springframework.beans.factory.annotation.Autowired(required=true)}
2026-04-04 23:39:05.924 INFO  41804 --- [           main] o.apache.catalina.core.StandardService   : Stopping service [Tomcat]
2026-04-04 23:39:05.948 INFO  41804 --- [           main] .s.b.a.l.ConditionEvaluationReportLogger : 

Error starting ApplicationContext. To display the condition evaluation report re-run your application with 'debug' enabled.
2026-04-04 23:39:05.966 ERROR 41804 --- [           main] o.s.b.d.LoggingFailureAnalysisReporter   : 

***************************
APPLICATION FAILED TO START
***************************

Description:

Field jwtProperties in com.shxy.smartlearningacademyserver.interceptor.LoginAdminInterceptor required a bean of type 'com.shxy.smartlearningacademycommon.properties.JwtProperties' that could not be found.

The injection point has the following annotations:
	- @org.springframework.beans.factory.annotation.Autowired(required=true)


Action:

Consider defining a bean of type 'com.shxy.smartlearningacademycommon.properties.JwtProperties' in your configuration.

2026-04-04 23:40:37.897 INFO  39592 --- [           main] .s.SmartLearningAcademyServerApplication : Starting SmartLearningAcademyServerApplication using Java 17.0.4.1 with PID 39592 (C:\Users\33046\Desktop\Smart Learning Academy\backend\smart-learning-academy\smart-learning-academy-server\target\classes started by 33046 in C:\Users\33046\Desktop\Smart Learning Academy\backend\smart-learning-academy)
2026-04-04 23:40:37.899 DEBUG 39592 --- [           main] .s.SmartLearningAcademyServerApplication : Running with Spring Boot v3.5.12, Spring v6.2.17
2026-04-04 23:40:37.899 INFO  39592 --- [           main] .s.SmartLearningAcademyServerApplication : The following 1 profile is active: "dev"
2026-04-04 23:40:38.642 INFO  39592 --- [           main] .s.d.r.c.RepositoryConfigurationDelegate : Multiple Spring Data modules found, entering strict repository configuration mode
2026-04-04 23:40:38.645 INFO  39592 --- [           main] .s.d.r.c.RepositoryConfigurationDelegate : Bootstrapping Spring Data Redis repositories in DEFAULT mode.
2026-04-04 23:40:38.715 INFO  39592 --- [           main] .s.d.r.c.RepositoryConfigurationDelegate : Finished Spring Data repository scanning in 41 ms. Found 0 Redis repository interfaces.
2026-04-04 23:40:39.446 INFO  39592 --- [           main] o.s.b.w.embedded.tomcat.TomcatWebServer  : Tomcat initialized with port 8080 (http)
2026-04-04 23:40:39.467 INFO  39592 --- [           main] o.a.coyote.http11.Http11NioProtocol      : Initializing ProtocolHandler ["http-nio-8080"]
2026-04-04 23:40:39.470 INFO  39592 --- [           main] o.apache.catalina.core.StandardService   : Starting service [Tomcat]
2026-04-04 23:40:39.470 INFO  39592 --- [           main] o.apache.catalina.core.StandardEngine    : Starting Servlet engine: [Apache Tomcat/10.1.52]
2026-04-04 23:40:39.545 INFO  39592 --- [           main] o.a.c.c.C.[Tomcat].[localhost].[/]       : Initializing Spring embedded WebApplicationContext
2026-04-04 23:40:39.546 INFO  39592 --- [           main] w.s.c.ServletWebServerApplicationContext : Root WebApplicationContext: initialization completed in 1609 ms
2026-04-04 23:40:41.145 INFO  39592 --- [           main] o.a.coyote.http11.Http11NioProtocol      : Starting ProtocolHandler ["http-nio-8080"]
2026-04-04 23:40:41.177 INFO  39592 --- [           main] o.s.b.w.embedded.tomcat.TomcatWebServer  : Tomcat started on port 8080 (http) with context path '/'
2026-04-04 23:40:41.192 INFO  39592 --- [           main] .s.SmartLearningAcademyServerApplication : Started SmartLearningAcademyServerApplication in 3.799 seconds (process running for 4.222)
2026-04-04 23:47:25.136 INFO  39592 --- [ionShutdownHook] o.s.b.w.e.tomcat.GracefulShutdown        : Commencing graceful shutdown. Waiting for active requests to complete
2026-04-04 23:47:25.425 INFO  39592 --- [tomcat-shutdown] o.s.b.w.e.tomcat.GracefulShutdown        : Graceful shutdown complete
2026-04-04 23:50:05.174 INFO  24360 --- [           main] .s.SmartLearningAcademyServerApplication : Starting SmartLearningAcademyServerApplication using Java 17.0.4.1 with PID 24360 (C:\Users\33046\Desktop\Smart Learning Academy\backend\smart-learning-academy\smart-learning-academy-server\target\classes started by 33046 in C:\Users\33046\Desktop\Smart Learning Academy\backend\smart-learning-academy)
2026-04-04 23:50:05.175 DEBUG 24360 --- [           main] .s.SmartLearningAcademyServerApplication : Running with Spring Boot v3.5.12, Spring v6.2.17
2026-04-04 23:50:05.176 INFO  24360 --- [           main] .s.SmartLearningAcademyServerApplication : The following 1 profile is active: "dev"
2026-04-04 23:50:06.022 INFO  24360 --- [           main] .s.d.r.c.RepositoryConfigurationDelegate : Multiple Spring Data modules found, entering strict repository configuration mode
2026-04-04 23:50:06.025 INFO  24360 --- [           main] .s.d.r.c.RepositoryConfigurationDelegate : Bootstrapping Spring Data Redis repositories in DEFAULT mode.
2026-04-04 23:50:06.069 INFO  24360 --- [           main] .s.d.r.c.RepositoryConfigurationDelegate : Finished Spring Data repository scanning in 26 ms. Found 0 Redis repository interfaces.
2026-04-04 23:50:06.644 INFO  24360 --- [           main] o.s.b.w.embedded.tomcat.TomcatWebServer  : Tomcat initialized with port 8080 (http)
2026-04-04 23:50:06.670 INFO  24360 --- [           main] o.a.coyote.http11.Http11NioProtocol      : Initializing ProtocolHandler ["http-nio-8080"]
2026-04-04 23:50:06.674 INFO  24360 --- [           main] o.apache.catalina.core.StandardService   : Starting service [Tomcat]
2026-04-04 23:50:06.675 INFO  24360 --- [           main] o.apache.catalina.core.StandardEngine    : Starting Servlet engine: [Apache Tomcat/10.1.52]
2026-04-04 23:50:06.774 INFO  24360 --- [           main] o.a.c.c.C.[Tomcat].[localhost].[/]       : Initializing Spring embedded WebApplicationContext
2026-04-04 23:50:06.775 INFO  24360 --- [           main] w.s.c.ServletWebServerApplicationContext : Root WebApplicationContext: initialization completed in 1556 ms
2026-04-04 23:50:07.463 WARN  24360 --- [           main] ConfigServletWebServerApplicationContext : Exception encountered during context initialization - cancelling refresh attempt: org.springframework.beans.factory.BeanCreationException: Error creating bean with name 'dashscopeAgentApi' defined in class path resource [com/alibaba/cloud/ai/autoconfigure/dashscope/DashScopeAgentAutoConfiguration.class]: Failed to instantiate [com.alibaba.cloud.ai.dashscope.api.DashScopeAgentApi]: Factory method 'dashscopeAgentApi' threw exception with message: DashScope API key must be set. Use the connection property: spring.ai.dashscope.api-key or spring.ai.dashscope.agent.api-key property.
2026-04-04 23:50:07.467 INFO  24360 --- [           main] o.apache.catalina.core.StandardService   : Stopping service [Tomcat]
2026-04-04 23:50:07.516 INFO  24360 --- [           main] .s.b.a.l.ConditionEvaluationReportLogger : 

Error starting ApplicationContext. To display the condition evaluation report re-run your application with 'debug' enabled.
2026-04-04 23:50:07.534 ERROR 24360 --- [           main] o.s.boot.SpringApplication               : Application run failed
org.springframework.beans.factory.BeanCreationException: Error creating bean with name 'dashscopeAgentApi' defined in class path resource [com/alibaba/cloud/ai/autoconfigure/dashscope/DashScopeAgentAutoConfiguration.class]: Failed to instantiate [com.alibaba.cloud.ai.dashscope.api.DashScopeAgentApi]: Factory method 'dashscopeAgentApi' threw exception with message: DashScope API key must be set. Use the connection property: spring.ai.dashscope.api-key or spring.ai.dashscope.agent.api-key property.
	at org.springframework.beans.factory.support.ConstructorResolver.instantiate(ConstructorResolver.java:657)
	at org.springframework.beans.factory.support.ConstructorResolver.instantiateUsingFactoryMethod(ConstructorResolver.java:645)
	at org.springframework.beans.factory.support.AbstractAutowireCapableBeanFactory.instantiateUsingFactoryMethod(AbstractAutowireCapableBeanFactory.java:1375)
	at org.springframework.beans.factory.support.AbstractAutowireCapableBeanFactory.createBeanInstance(AbstractAutowireCapableBeanFactory.java:1205)
	at org.springframework.beans.factory.support.AbstractAutowireCapableBeanFactory.doCreateBean(AbstractAutowireCapableBeanFactory.java:569)
	at org.springframework.beans.factory.support.AbstractAutowireCapableBeanFactory.createBean(AbstractAutowireCapableBeanFactory.java:529)
	at org.springframework.beans.factory.support.AbstractBeanFactory.lambda$doGetBean$0(AbstractBeanFactory.java:339)
	at org.springframework.beans.factory.support.DefaultSingletonBeanRegistry.getSingleton(DefaultSingletonBeanRegistry.java:373)
	at org.springframework.beans.factory.support.AbstractBeanFactory.doGetBean(AbstractBeanFactory.java:337)
	at org.springframework.beans.factory.support.AbstractBeanFactory.getBean(AbstractBeanFactory.java:202)
	at org.springframework.beans.factory.support.DefaultListableBeanFactory.instantiateSingleton(DefaultListableBeanFactory.java:1228)
	at org.springframework.beans.factory.support.DefaultListableBeanFactory.preInstantiateSingleton(DefaultListableBeanFactory.java:1194)
	at org.springframework.beans.factory.support.DefaultListableBeanFactory.preInstantiateSingletons(DefaultListableBeanFactory.java:1130)
	at org.springframework.context.support.AbstractApplicationContext.finishBeanFactoryInitialization(AbstractApplicationContext.java:991)
	at org.springframework.context.support.AbstractApplicationContext.refresh(AbstractApplicationContext.java:628)
	at org.springframework.boot.web.servlet.context.ServletWebServerApplicationContext.refresh(ServletWebServerApplicationContext.java:146)
	at org.springframework.boot.SpringApplication.refresh(SpringApplication.java:752)
	at org.springframework.boot.SpringApplication.refreshContext(SpringApplication.java:439)
	at org.springframework.boot.SpringApplication.run(SpringApplication.java:318)
	at org.springframework.boot.SpringApplication.run(SpringApplication.java:1361)
	at org.springframework.boot.SpringApplication.run(SpringApplication.java:1350)
	at com.shxy.smartlearningacademyserver.SmartLearningAcademyServerApplication.main(SmartLearningAcademyServerApplication.java:16)
Caused by: org.springframework.beans.BeanInstantiationException: Failed to instantiate [com.alibaba.cloud.ai.dashscope.api.DashScopeAgentApi]: Factory method 'dashscopeAgentApi' threw exception with message: DashScope API key must be set. Use the connection property: spring.ai.dashscope.api-key or spring.ai.dashscope.agent.api-key property.
	at org.springframework.beans.factory.support.SimpleInstantiationStrategy.lambda$instantiate$0(SimpleInstantiationStrategy.java:200)
	at org.springframework.beans.factory.support.SimpleInstantiationStrategy.instantiateWithFactoryMethod(SimpleInstantiationStrategy.java:89)
	at org.springframework.beans.factory.support.SimpleInstantiationStrategy.instantiate(SimpleInstantiationStrategy.java:169)
	at org.springframework.beans.factory.support.ConstructorResolver.instantiate(ConstructorResolver.java:653)
	... 21 common frames omitted
Caused by: java.lang.IllegalArgumentException: DashScope API key must be set. Use the connection property: spring.ai.dashscope.api-key or spring.ai.dashscope.agent.api-key property.
	at org.springframework.util.Assert.hasText(Assert.java:253)
	at com.alibaba.cloud.ai.autoconfigure.dashscope.DashScopeConnectionUtils.resolveConnectionProperties(DashScopeConnectionUtils.java:65)
	at com.alibaba.cloud.ai.autoconfigure.dashscope.DashScopeAgentAutoConfiguration.dashscopeAgentApi(DashScopeAgentAutoConfiguration.java:62)
	at java.base/jdk.internal.reflect.NativeMethodAccessorImpl.invoke0(Native Method)
	at java.base/jdk.internal.reflect.NativeMethodAccessorImpl.invoke(NativeMethodAccessorImpl.java:77)
	at java.base/jdk.internal.reflect.DelegatingMethodAccessorImpl.invoke(DelegatingMethodAccessorImpl.java:43)
	at java.base/java.lang.reflect.Method.invoke(Method.java:568)
	at org.springframework.beans.factory.support.SimpleInstantiationStrategy.lambda$instantiate$0(SimpleInstantiationStrategy.java:172)
	... 24 common frames omitted
